2019-10-17T03:50:15.589Z - info: [ui] Try to download firmware key from http://releases.obins.net/annepro2c18/firmware/1.13.2-alpha/key-c18-2.10-alpha.bin to /tmp, file name is key-c18-2.10-alpha.bin
2019-10-17T03:50:15.853Z - info: [ui] Try to download firmware led from http://releases.obins.net/annepro2c18/firmware/1.13.2-alpha/led-c18-2.12-alpha.bin to /tmp, file name is led-c18-2.12-alpha.bin
2019-10-17T03:50:16.046Z - info: [ui] Try to download firmware ble from http://releases.obins.net/annepro2c18/firmware/1.13.2-alpha/ble-c18-2.00-alpha.bin to /tmp, file name is ble-c18-2.00-alpha.bin
2019-10-17T03:50:16.394Z - info: [ui] Try to enter IAP mode.
2019-10-17T03:50:18.480Z - info: [ui] Try to open device again.
2019-10-17T03:50:21.488Z - info: [ui] Try to open device: /dev/hidraw6.
2019-10-17T03:50:22.044Z - info: [ui] Reopen the device success
2019-10-17T03:50:22.045Z - info: [ui] Try to confirm that, the application processor is in IAP mode
2019-10-17T03:50:22.054Z - info: [ui] Try to confirm that, the light processor is in IAP mode
2019-10-17T03:50:22.070Z - info: [ui] Try to confirm that, the bluetooth processor is in IAP mode
2019-10-17T03:50:22.086Z - info: [ui] Try to upgrade MCU_KEY
2019-10-17T03:50:35.602Z - info: [ui] Upgrade MCU_KEY Success
2019-10-17T03:50:35.602Z - info: [ui] Try to upgrade MCU_LED
2019-10-17T03:50:49.814Z - error: [ui] write failed.
2019-10-17T03:50:49.828Z - error: [ui] Cannot write to HID device
2019-10-17T03:50:56.100Z - info: [ui] Try to download firmware key from http://releases.obins.net/annepro2c18/firmware/1.13.2-alpha/key-c18-2.10-alpha.bin to /tmp, file name is key-c18-2.10-alpha.bin
2019-10-17T03:50:56.127Z - info: [ui] Try to download firmware led from http://releases.obins.net/annepro2c18/firmware/1.13.2-alpha/led-c18-2.12-alpha.bin to /tmp, file name is led-c18-2.12-alpha.bin
2019-10-17T03:50:56.178Z - info: [ui] Try to download firmware ble from http://releases.obins.net/annepro2c18/firmware/1.13.2-alpha/ble-c18-2.00-alpha.bin to /tmp, file name is ble-c18-2.00-alpha.bin
2019-10-17T03:50:56.276Z - info: [ui] Try to confirm that, the application processor is in IAP mode
2019-10-17T03:50:56.276Z - error: [ui] write failed.
2019-10-17T03:50:56.283Z - error: [ui] Cannot write to HID device
2019-10-17T03:51:01.736Z - info: [ui] Try to download firmware key from http://releases.obins.net/annepro2c18/firmware/1.13.2-alpha/key-c18-2.10-alpha.bin to /tmp, file name is key-c18-2.10-alpha.bin
2019-10-17T03:51:01.758Z - info: [ui] Try to download firmware led from http://releases.obins.net/annepro2c18/firmware/1.13.2-alpha/led-c18-2.12-alpha.bin to /tmp, file name is led-c18-2.12-alpha.bin
2019-10-17T03:51:01.811Z - info: [ui] Try to download firmware ble from http://releases.obins.net/annepro2c18/firmware/1.13.2-alpha/ble-c18-2.00-alpha.bin to /tmp, file name is ble-c18-2.00-alpha.bin
2019-10-17T03:51:01.911Z - info: [ui] Try to confirm that, the application processor is in IAP mode
2019-10-17T03:51:01.911Z - error: [ui] write failed.
2019-10-17T03:51:01.917Z - error: [ui] Cannot write to HID device
2019-10-17T03:51:23.725Z - info: [ui] Try to download firmware key from http://releases.obins.net/annepro2c18/firmware/1.13.2-alpha/key-c18-2.10-alpha.bin to /tmp, file name is key-c18-2.10-alpha.bin
2019-10-17T03:51:23.752Z - info: [ui] Try to download firmware led from http://releases.obins.net/annepro2c18/firmware/1.13.2-alpha/led-c18-2.12-alpha.bin to /tmp, file name is led-c18-2.12-alpha.bin
2019-10-17T03:51:23.802Z - info: [ui] Try to download firmware ble from http://releases.obins.net/annepro2c18/firmware/1.13.2-alpha/ble-c18-2.00-alpha.bin to /tmp, file name is ble-c18-2.00-alpha.bin
2019-10-17T03:51:23.899Z - info: [ui] Try to confirm that, the application processor is in IAP mode
2019-10-17T03:51:23.912Z - info: [ui] Try to confirm that, the light processor is in IAP mode
2019-10-17T03:51:23.926Z - info: [ui] Try to confirm that, the bluetooth processor is in IAP mode
2019-10-17T03:51:23.941Z - info: [ui] Try to upgrade MCU_KEY
2019-10-17T03:51:37.410Z - info: [ui] Upgrade MCU_KEY Success
2019-10-17T03:51:37.411Z - info: [ui] Try to upgrade MCU_LED
2019-10-17T03:51:54.330Z - info: [ui] Upgrade MCU_LED Success
2019-10-17T03:51:54.330Z - info: [ui] Try to upgrade MCU_BLE
2019-10-17T03:54:23.645Z - info: [ui] Upgrade MCU_BLE Success
2019-10-17T03:54:23.654Z - info: [ui] Write AP Flag Success
2019-10-17T03:54:23.664Z - info: [ui] Upgrade Firmware Success
